# JRE version: Java(TM) SE Runtime Environment (8.0_92-b14) (build 1.8.0_92-b14)
# Java VM: Java HotSpot(TM) 64-Bit Server VM (25.92-b14 mixed mode windows-amd64 compressed oops)
Heap:
 PSYoungGen      total 78336K, used 48612K [0x00000000d5d00000, 0x00000000dcd80000, 0x0000000100000000)
  eden space 68096K, 71% used [0x00000000d5d00000,0x00000000d8c792d0,0x00000000d9f80000)
  from space 10240K, 0% used [0x00000000d9f80000,0x00000000d9f80000,0x00000000da980000)
  to   space 10752K, 0% used [0x00000000dc300000,0x00000000dc300000,0x00000000dcd80000)
 ParOldGen       total 87552K, used 12673K [0x0000000081600000, 0x0000000086b80000, 0x00000000d5d00000)
  object space 87552K, 14% used [0x0000000081600000,0x00000000822607d8,0x0000000086b80000)
 Metaspace       used 37100K, capacity 38888K, committed 39000K, reserved 1083392K
  class space    used 4774K, capacity 5124K, committed 5208K, reserved 1048576K
GC Heap History (10 events):
Event: 7.057 GC heap before
{Heap before GC invocations=7 (full 1):
 PSYoungGen      total 38400K, used 37123K [0x00000000d5d00000, 0x00000000d9d00000, 0x0000000100000000)
  eden space 33280K, 100% used [0x00000000d5d00000,0x00000000d7d80000,0x00000000d7d80000)
  from space 5120K, 75% used [0x00000000d7d80000,0x00000000d8140f90,0x00000000d8280000)
  to   space 8192K, 0% used [0x00000000d9500000,0x00000000d9500000,0x00000000d9d00000)
 ParOldGen       total 58368K, used 5982K [0x0000000081600000, 0x0000000084f00000, 0x00000000d5d00000)
  object space 58368K, 10% used [0x0000000081600000,0x0000000081bd79c0,0x0000000084f00000)
 Metaspace       used 26948K, capacity 27894K, committed 28160K, reserved 1073152K
  class space    used 3486K, capacity 3719K, committed 3840K, reserved 1048576K
Event: 7.064 GC heap after
Heap after GC invocations=7 (full 1):
 PSYoungGen      total 54272K, used 4550K [0x00000000d5d00000, 0x00000000d9b80000, 0x0000000100000000)
  eden space 47616K, 0% used [0x00000000d5d00000,0x00000000d5d00000,0x00000000d8b80000)
  from space 6656K, 68% used [0x00000000d9500000,0x00000000d9971bb8,0x00000000d9b80000)
  to   space 8192K, 0% used [0x00000000d8b80000,0x00000000d8b80000,0x00000000d9380000)
 ParOldGen       total 58368K, used 5990K [0x0000000081600000, 0x0000000084f00000, 0x00000000d5d00000)
  object space 58368K, 10% used [0x0000000081600000,0x0000000081bd99c0,0x0000000084f00000)
 Metaspace       used 26948K, capacity 27894K, committed 28160K, reserved 1073152K
  class space    used 3486K, capacity 3719K, committed 3840K, reserved 1048576K
}
Event: 8.068 GC heap before
{Heap before GC invocations=8 (full 1):
 PSYoungGen      total 54272K, used 52166K [0x00000000d5d00000, 0x00000000d9b80000, 0x0000000100000000)
  eden space 47616K, 100% used [0x00000000d5d00000,0x00000000d8b80000,0x00000000d8b80000)
  from space 6656K, 68% used [0x00000000d9500000,0x00000000d9971bb8,0x00000000d9b80000)
  to   space 8192K, 0% used [0x00000000d8b80000,0x00000000d8b80000,0x00000000d9380000)
 ParOldGen       total 58368K, used 5990K [0x0000000081600000, 0x0000000084f00000, 0x00000000d5d00000)
  object space 58368K, 10% used [0x0000000081600000,0x0000000081bd99c0,0x0000000084f00000)
 Metaspace       used 29420K, capacity 30480K, committed 30720K, reserved 1075200K
  class space    used 3783K, capacity 4036K, committed 4096K, reserved 1048576K
Event: 8.083 GC heap after
Heap after GC invocations=8 (full 1):
 PSYoungGen      total 55808K, used 7225K [0x00000000d5d00000, 0x00000000db200000, 0x0000000100000000)
  eden space 47616K, 0% used [0x00000000d5d00000,0x00000000d5d00000,0x00000000d8b80000)
  from space 8192K, 88% used [0x00000000d8b80000,0x00000000d928e568,0x00000000d9380000)
  to   space 8704K, 0% used [0x00000000da980000,0x00000000da980000,0x00000000db200000)
 ParOldGen       total 58368K, used 5998K [0x0000000081600000, 0x0000000084f00000, 0x00000000d5d00000)
  object space 58368K, 10% used [0x0000000081600000,0x0000000081bdb9c0,0x0000000084f00000)
 Metaspace       used 29420K, capacity 30480K, committed 30720K, reserved 1075200K
  class space    used 3783K, capacity 4036K, committed 4096K, reserved 1048576K
}
Event: 10.242 GC heap before
{Heap before GC invocations=9 (full 1):
 PSYoungGen      total 55808K, used 54841K [0x00000000d5d00000, 0x00000000db200000, 0x0000000100000000)
  eden space 47616K, 100% used [0x00000000d5d00000,0x00000000d8b80000,0x00000000d8b80000)
  from space 8192K, 88% used [0x00000000d8b80000,0x00000000d928e568,0x00000000d9380000)
  to   space 8704K, 0% used [0x00000000da980000,0x00000000da980000,0x00000000db200000)
 ParOldGen       total 58368K, used 5998K [0x0000000081600000, 0x0000000084f00000, 0x00000000d5d00000)
  object space 58368K, 10% used [0x0000000081600000,0x0000000081bdb9c0,0x0000000084f00000)
 Metaspace       used 33061K, capacity 34508K, committed 34816K, reserved 1079296K
  class space    used 4231K, capacity 4500K, committed 4608K, reserved 1048576K
Event: 10.266 GC heap after
Heap after GC invocations=9 (full 1):
 PSYoungGen      total 76800K, used 8689K [0x00000000d5d00000, 0x00000000db580000, 0x0000000100000000)
  eden space 68096K, 0% used [0x00000000d5d00000,0x00000000d5d00000,0x00000000d9f80000)
  from space 8704K, 99% used [0x00000000da980000,0x00000000db1fc520,0x00000000db200000)
  to   space 10240K, 0% used [0x00000000d9f80000,0x00000000d9f80000,0x00000000da980000)
 ParOldGen       total 58368K, used 6917K [0x0000000081600000, 0x0000000084f00000, 0x00000000d5d00000)
  object space 58368K, 11% used [0x0000000081600000,0x0000000081cc16a8,0x0000000084f00000)
 Metaspace       used 33061K, capacity 34508K, committed 34816K, reserved 1079296K
  class space    used 4231K, capacity 4500K, committed 4608K, reserved 1048576K
}
Event: 10.707 GC heap before
{Heap before GC invocations=10 (full 1):
 PSYoungGen      total 76800K, used 28501K [0x00000000d5d00000, 0x00000000db580000, 0x0000000100000000)
  eden space 68096K, 29% used [0x00000000d5d00000,0x00000000d7059228,0x00000000d9f80000)
  from space 8704K, 99% used [0x00000000da980000,0x00000000db1fc520,0x00000000db200000)
  to   space 10240K, 0% used [0x00000000d9f80000,0x00000000d9f80000,0x00000000da980000)
 ParOldGen       total 58368K, used 6917K [0x0000000081600000, 0x0000000084f00000, 0x00000000d5d00000)
  object space 58368K, 11% used [0x0000000081600000,0x0000000081cc16a8,0x0000000084f00000)
 Metaspace       used 33899K, capacity 35324K, committed 35416K, reserved 1079296K
  class space    used 4354K, capacity 4622K, committed 4696K, reserved 1048576K
Event: 10.728 GC heap after
Heap after GC invocations=10 (full 1):
 PSYoungGen      total 78336K, used 8497K [0x00000000d5d00000, 0x00000000dcd80000, 0x0000000100000000)
  eden space 68096K, 0% used [0x00000000d5d00000,0x00000000d5d00000,0x00000000d9f80000)
  from space 10240K, 82% used [0x00000000d9f80000,0x00000000da7cc7a0,0x00000000da980000)
  to   space 10752K, 0% used [0x00000000dc300000,0x00000000dc300000,0x00000000dcd80000)
 ParOldGen       total 58368K, used 6925K [0x0000000081600000, 0x0000000084f00000, 0x00000000d5d00000)
  object space 58368K, 11% used [0x0000000081600000,0x0000000081cc36a8,0x0000000084f00000)
 Metaspace       used 33899K, capacity 35324K, committed 35416K, reserved 1079296K
  class space    used 4354K, capacity 4622K, committed 4696K, reserved 1048576K
}
Event: 10.728 GC heap before
{Heap before GC invocations=11 (full 2):
 PSYoungGen      total 78336K, used 8497K [0x00000000d5d00000, 0x00000000dcd80000, 0x0000000100000000)
  eden space 68096K, 0% used [0x00000000d5d00000,0x00000000d5d00000,0x00000000d9f80000)
  from space 10240K, 82% used [0x00000000d9f80000,0x00000000da7cc7a0,0x00000000da980000)
  to   space 10752K, 0% used [0x00000000dc300000,0x00000000dc300000,0x00000000dcd80000)
 ParOldGen       total 58368K, used 6925K [0x0000000081600000, 0x0000000084f00000, 0x00000000d5d00000)
  object space 58368K, 11% used [0x0000000081600000,0x0000000081cc36a8,0x0000000084f00000)
 Metaspace       used 33899K, capacity 35324K, committed 35416K, reserved 1079296K
  class space    used 4354K, capacity 4622K, committed 4696K, reserved 1048576K
Event: 10.862 GC heap after
Heap after GC invocations=11 (full 2):
 PSYoungGen      total 78336K, used 0K [0x00000000d5d00000, 0x00000000dcd80000, 0x0000000100000000)
  eden space 68096K, 0% used [0x00000000d5d00000,0x00000000d5d00000,0x00000000d9f80000)
  from space 10240K, 0% used [0x00000000d9f80000,0x00000000d9f80000,0x00000000da980000)
  to   space 10752K, 0% used [0x00000000dc300000,0x00000000dc300000,0x00000000dcd80000)
 ParOldGen       total 87552K, used 12673K [0x0000000081600000, 0x0000000086b80000, 0x00000000d5d00000)
  object space 87552K, 14% used [0x0000000081600000,0x00000000822607d8,0x0000000086b80000)
 Metaspace       used 33899K, capacity 35324K, committed 35416K, reserved 1079296K
  class space    used 4354K, capacity 4622K, committed 4696K, reserved 1048576K
}

